2013-12-12 12:16:28 [SERVER] [INFO] Starting integrated minecraft server version 1.6.4
2013-12-12 12:16:28 [SERVER] [INFO] Generating keypair
2013-12-12 12:16:29 [SERVER] [INFO] Converting map!
2013-12-12 12:16:29 [SERVER] [INFO] Scanning folders...
2013-12-12 12:16:29 [SERVER] [INFO] Total conversion count is 0
2013-12-12 12:16:29 [SERVER] [INFO] Preparing start region for level 0
2013-12-12 12:16:30 [SERVER] [INFO] Preparing spawn area: 11%
2013-12-12 12:16:31 [SERVER] [INFO] Preparing spawn area: 23%
2013-12-12 12:16:32 [SERVER] [INFO] Preparing spawn area: 37%
2013-12-12 12:16:33 [SERVER] [INFO] Preparing spawn area: 55%
2013-12-12 12:16:34 [SERVER] [INFO] Preparing spawn area: 67%
2013-12-12 12:16:35 [SERVER] [INFO] Preparing spawn area: 81%
2013-12-12 12:16:36 [SERVER] [INFO] Preparing spawn area: 94%
2013-12-12 12:16:36 [SERVER] [INFO] Player1234[/127.0.0.1:0] logged in with entity id 190 at (76.5, 69.0, 248.5)
2013-12-12 12:16:36 [SERVER] [INFO] Player1234 joined the game
2013-12-12 12:16:39 [SERVER] [INFO] Saving and pausing game...
2013-12-12 12:16:39 [SERVER] [INFO] Saving chunks for level 'New World'/Overworld
2013-12-12 12:16:47 [SERVER] [INFO] Saving chunks for level 'New World'/Nether
2013-12-12 12:16:47 [SERVER] [INFO] Saving chunks for level 'New World'/The End
2013-12-12 12:16:47 [SERVER] [WARNING] Can't keep up! Did the system time change, or is the server overloaded?
2013-12-12 12:17:15 [SERVER] [INFO] Saving and pausing game...
2013-12-12 12:17:15 [SERVER] [INFO] Saving chunks for level 'New World'/Overworld
2013-12-12 12:17:15 [SERVER] [INFO] Saving chunks for level 'New World'/Nether
2013-12-12 12:17:15 [SERVER] [INFO] Saving chunks for level 'New World'/The End
2013-12-12 12:18:08 [SERVER] [INFO] Stopping server
2013-12-12 12:18:08 [SERVER] [INFO] Saving players
2013-12-12 12:18:08 [SERVER] [INFO] Player1234 left the game
2013-12-12 12:18:08 [SERVER] [INFO] Saving worlds
2013-12-12 12:18:08 [SERVER] [INFO] Saving chunks for level 'New World'/Overworld
2013-12-12 12:18:08 [SERVER] [INFO] Saving chunks for level 'New World'/Nether
2013-12-12 12:18:08 [SERVER] [INFO] Saving chunks for level 'New World'/The End
2013-12-12 12:18:08 [SERVER] [INFO] Stopping server
2013-12-12 12:18:26 [SERVER] [INFO] Starting integrated minecraft server version 1.6.4
2013-12-12 12:18:26 [SERVER] [INFO] Generating keypair
2013-12-12 12:18:26 [SERVER] [INFO] Preparing start region for level 0
2013-12-12 12:18:28 [SERVER] [INFO] Player1234[/127.0.0.1:0] logged in with entity id 351 at (98.09948270278888, 71.0, 248.8278078721256)
2013-12-12 12:18:28 [SERVER] [INFO] Player1234 joined the game
2013-12-12 12:18:29 [SERVER] [INFO] Saving and pausing game...
2013-12-12 12:18:29 [SERVER] [INFO] Saving chunks for level 'New World'/Overworld
2013-12-12 12:18:29 [SERVER] [INFO] Saving chunks for level 'New World'/Nether
2013-12-12 12:18:29 [SERVER] [INFO] Saving chunks for level 'New World'/The End
2013-12-12 12:18:54 [SERVER] [INFO] Stopping server
2013-12-12 12:18:54 [SERVER] [INFO] Saving players
2013-12-12 12:18:54 [SERVER] [INFO] Player1234 left the game
2013-12-12 12:18:54 [SERVER] [INFO] Saving worlds
2013-12-12 12:18:54 [SERVER] [INFO] Saving chunks for level 'New World'/Overworld
2013-12-12 12:18:54 [SERVER] [INFO] Saving chunks for level 'New World'/Nether
2013-12-12 12:18:54 [SERVER] [INFO] Saving chunks for level 'New World'/The End
